<?xml version="1.0" encoding="UTF-8"?>
<!-- Generated by org.testng.reporters.JUnitXMLReporter -->
<testsuite hostname="LAPTOP-PT93KTGA" ignored="0" name="IeTest" tests="1" failures="1" timestamp="15 Jan 2021 11:17:18 GMT" time="2.404" errors="0">
  <testcase name="tc1" time="2.381" classname="org.execution.Question7">
    <failure type="java.lang.NullPointerException">
      <![CDATA[java.lang.NullPointerException
at org.base.Base.launchUrl(Base.java:106)
at org.execution.Question7.tc1(Question7.java:32)
at java.util.concurrent.FutureTask.run(Unknown Source)
at java.util.concurrent.ThreadPoolExecutor.runWorker(Unknown Source)
at java.util.concurrent.ThreadPoolExecutor$Worker.run(Unknown Source)
at java.lang.Thread.run(Unknown Source)
... Removed 16 stack frames]]>
    </failure>
  </testcase> <!-- tc1 -->
</testsuite> <!-- IeTest -->
