<?xml version="1.0" encoding="UTF-8"?>
<!-- Generated by org.testng.reporters.JUnitXMLReporter -->
<testsuite hostname="LAPTOP-PT93KTGA" ignored="0" name="Test" tests="7" failures="0" timestamp="20 Jan 2021 14:57:41 GMT" time="10.951" errors="0">
  <testcase name="tc1" time="5.698" classname="org.execution.Question12"/>
  <testcase name="tc2" time="0.236" classname="org.execution.Question12"/>
  <testcase name="tc3" time="0.112" classname="org.execution.Question12"/>
  <testcase name="tc4" time="0.137" classname="org.execution.Question12"/>
  <testcase name="tc5" time="0.189" classname="org.execution.Question12"/>
  <testcase name="tc6" time="0.172" classname="org.execution.Question12"/>
  <testcase name="tc7" time="0.275" classname="org.execution.Question12"/>
</testsuite> <!-- Test -->
