<?xml version="1.0" encoding="UTF-8"?>
<testng-results skipped="0" failed="0" ignored="0" total="1" passed="1">
  <reporter-output>
  </reporter-output>
  <suite name="Default suite" duration-ms="9831" started-at="2021-01-18T10:14:18Z" finished-at="2021-01-18T10:14:28Z">
    <groups>
    </groups>
    <test name="Default test" duration-ms="9831" started-at="2021-01-18T10:14:18Z" finished-at="2021-01-18T10:14:28Z">
      <class name="org.execution.Question15">
        <test-method status="PASS" signature="launchBrowser()[pri:0, instance:org.execution.Question15@1bce4f0a]" name="launchBrowser" is-config="true" duration-ms="3994" started-at="2021-01-18T10:14:18Z" finished-at="2021-01-18T10:14:22Z">
          <reporter-output>
          </reporter-output>
        </test-method> <!-- launchBrowser -->
        <test-method status="PASS" signature="test(java.lang.String, java.lang.String)[pri:0, instance:org.execution.Question15@1bce4f0a]" name="test" duration-ms="5806" started-at="2021-01-18T10:14:22Z" data-provider="Authentication" finished-at="2021-01-18T10:14:28Z">
          <params>
            <param index="0">
              <value>
                <![CDATA[vishal30071997@gmail.com]]>
              </value>
            </param>
            <param index="1">
              <value>
                <![CDATA[vishal]]>
              </value>
            </param>
          </params>
          <reporter-output>
          </reporter-output>
        </test-method> <!-- test -->
      </class> <!-- org.execution.Question15 -->
    </test> <!-- Default test -->
  </suite> <!-- Default suite -->
</testng-results>
